[0.055s] Invoking command in '/home/neha/VBM/final_vbm/Vision-based_Grasping_Objects_using_Top_Surface/src/vbm_project/build/vbm_project_grasping': CMAKE_PREFIX_PATH=${CMAKE_PREFIX_PATH}:/home/neha/ros2_ws/install/point_cloud:/home/neha/ros2_ws/install/opencv_test_py:/home/neha/voidwalking/ros2_ws/install/waypoints:/opt/ros/humble CONDA_PROMPT_MODIFIER=(face) /usr/bin/cmake /home/neha/VBM/final_vbm/Vision-based_Grasping_Objects_using_Top_Surface/src/vbm_project/vbm_project_grasping -DCMAKE_INSTALL_PREFIX=/home/neha/VBM/final_vbm/Vision-based_Grasping_Objects_using_Top_Surface/src/vbm_project/install/vbm_project_grasping
[0.146s] -- The C compiler identification is GNU 11.4.0
[0.220s] -- The CXX compiler identification is GNU 11.4.0
[0.226s] -- Detecting C compiler ABI info
[0.271s] -- Detecting C compiler ABI info - done
[0.275s] -- Check for working C compiler: /usr/bin/cc - skipped
[0.275s] -- Detecting C compile features
[0.276s] -- Detecting C compile features - done
[0.278s] -- Detecting CXX compiler ABI info
[0.325s] -- Detecting CXX compiler ABI info - done
[0.329s] -- Check for working CXX compiler: /usr/bin/c++ - skipped
[0.330s] -- Detecting CXX compile features
[0.330s] -- Detecting CXX compile features - done
[0.338s] -- Found ament_cmake: 1.3.5 (/opt/ros/humble/share/ament_cmake/cmake)
[0.470s] -- Found Python3: /usr/bin/python3.10 (found version "3.10.12") found components: Interpreter 
[0.572s] -- Checking for module 'eigen3'
[0.584s] --   Found eigen3, version 3.4.0
[0.604s] -- Found Eigen: /usr/include/eigen3 (Required is at least version "3.1") 
[0.604s] -- Eigen found (include: /usr/include/eigen3, version: 3.4.0)
[0.623s] -- Found Boost: /usr/lib/x86_64-linux-gnu/cmake/Boost-1.74.0/BoostConfig.cmake (found suitable version "1.74.0", minimum required is "1.65.0") found components: system filesystem date_time iostreams serialization 
[0.637s] -- Checking for module 'flann'
[0.646s] --   Found flann, version 1.9.1
[0.678s] -- Found FLANN: /usr/lib/x86_64-linux-gnu/libflann_cpp.so  
[0.679s] -- FLANN found (include: /usr/include, lib: /usr/lib/x86_64-linux-gnu/libflann_cpp.so)
[0.702s] -- Looking for pthread.h
[0.750s] -- Looking for pthread.h - found
[0.750s] -- Performing Test CMAKE_HAVE_LIBC_PTHREAD
[0.797s] -- Performing Test CMAKE_HAVE_LIBC_PTHREAD - Success
[0.798s] -- Found Threads: TRUE  
[0.799s] -- Found GLEW: /usr/lib/x86_64-linux-gnu/libGLEW.so  
[0.805s] -- Found OpenGL: /usr/lib/x86_64-linux-gnu/libOpenGL.so  found components: OpenGL GLX 
[0.910s] -- Found MPI_C: /usr/lib/x86_64-linux-gnu/libmpi.so (found version "3.1") 
[0.910s] -- Found MPI: TRUE (found version "3.1") found components: C 
[0.914s] -- Found JsonCpp: /usr/lib/x86_64-linux-gnu/libjsoncpp.so (found suitable version "1.9.5", minimum required is "0.7.0") 
[0.925s] -- Found ZLIB: /usr/lib/x86_64-linux-gnu/libz.so (found version "1.2.11") 
[0.938s] -- Found PNG: /usr/lib/x86_64-linux-gnu/libpng.so (found version "1.6.37") 
[0.952s] -- Found Eigen3: /usr/include/eigen3 (found version "3.4.0") 
[1.013s] -- Found X11: /usr/include   
[1.013s] -- Looking for XOpenDisplay in /usr/lib/x86_64-linux-gnu/libX11.so;/usr/lib/x86_64-linux-gnu/libXext.so
[1.058s] -- Looking for XOpenDisplay in /usr/lib/x86_64-linux-gnu/libX11.so;/usr/lib/x86_64-linux-gnu/libXext.so - found
[1.058s] -- Looking for gethostbyname
[1.099s] -- Looking for gethostbyname - found
[1.099s] -- Looking for connect
[1.140s] -- Looking for connect - found
[1.141s] -- Looking for remove
[1.191s] -- Looking for remove - found
[1.191s] -- Looking for shmat
[1.234s] -- Looking for shmat - found
[1.234s] -- Looking for IceConnectionNumber in ICE
[1.274s] -- Looking for IceConnectionNumber in ICE - found
[1.324s] -- Found EXPAT: /usr/lib/x86_64-linux-gnu/libexpat.so (found version "2.4.7") 
[1.326s] -- Found double-conversion: /usr/lib/x86_64-linux-gnu/libdouble-conversion.so  
[1.328s] -- Found LZ4: /usr/lib/x86_64-linux-gnu/liblz4.so (found version "1.9.3") 
[1.330s] -- Found LZMA: /usr/lib/x86_64-linux-gnu/liblzma.so (found version "5.2.5") 
[1.339s] -- Found JPEG: /usr/lib/x86_64-linux-gnu/libjpeg.so (found version "80") 
[1.343s] -- Found TIFF: /usr/lib/x86_64-linux-gnu/libtiff.so (found version "4.3.0")  
[1.345s] -- Found Freetype: /usr/lib/x86_64-linux-gnu/libfreetype.so (found version "2.11.1") 
[1.349s] -- Found utf8cpp: /usr/include/utf8cpp  
[1.398s] -- Checking for module 'libusb-1.0'
[1.406s] --   Found libusb-1.0, version 1.0.25
[1.428s] -- Found libusb: /usr/lib/x86_64-linux-gnu/libusb-1.0.so  
[1.429s] -- Found OpenNI: /usr/lib/libOpenNI.so;libusb::libusb (found version "1.5.4.0") 
[1.429s] -- OpenNI found (version: 1.5.4.0, include: /usr/include/ni, lib: /usr/lib/libOpenNI.so;libusb::libusb)
[1.461s] -- Found OpenNI2: /usr/lib/x86_64-linux-gnu/libOpenNI2.so;libusb::libusb (found version "2.2.0.33") 
[1.461s] -- OpenNI2 found (version: 2.2.0.33, include: /usr/include/openni2, lib: /usr/lib/x86_64-linux-gnu/libOpenNI2.so;libusb::libusb)
[1.461s] [0m** WARNING ** io features related to pcap will be disabled[0m
[1.549s] -- Eigen found (include: /usr/include/eigen3, version: 3.4.0)
[1.552s] -- OpenNI found (version: 1.5.4.0, include: /usr/include/ni, lib: /usr/lib/libOpenNI.so;libusb::libusb)
[1.556s] -- OpenNI2 found (version: 2.2.0.33, include: /usr/include/openni2, lib: /usr/lib/x86_64-linux-gnu/libOpenNI2.so;libusb::libusb)
[1.645s] -- Found Qhull version 8.0.2
[1.738s] -- OpenNI found (version: 1.5.4.0, include: /usr/include/ni, lib: /usr/lib/libOpenNI.so;libusb::libusb)
[1.823s] -- looking for PCL_COMMON
[1.824s] -- Found PCL_COMMON: /usr/lib/x86_64-linux-gnu/libpcl_common.so  
[1.824s] -- looking for PCL_KDTREE
[1.824s] -- Found PCL_KDTREE: /usr/lib/x86_64-linux-gnu/libpcl_kdtree.so  
[1.824s] -- looking for PCL_OCTREE
[1.825s] -- Found PCL_OCTREE: /usr/lib/x86_64-linux-gnu/libpcl_octree.so  
[1.825s] -- looking for PCL_SEARCH
[1.825s] -- Found PCL_SEARCH: /usr/lib/x86_64-linux-gnu/libpcl_search.so  
[1.825s] -- looking for PCL_SAMPLE_CONSENSUS
[1.826s] -- Found PCL_SAMPLE_CONSENSUS: /usr/lib/x86_64-linux-gnu/libpcl_sample_consensus.so  
[1.826s] -- looking for PCL_FILTERS
[1.826s] -- Found PCL_FILTERS: /usr/lib/x86_64-linux-gnu/libpcl_filters.so  
[1.826s] -- looking for PCL_2D
[1.827s] -- Found PCL_2D: /usr/include/pcl-1.12  
[1.827s] -- looking for PCL_GEOMETRY
[1.827s] -- Found PCL_GEOMETRY: /usr/include/pcl-1.12  
[1.827s] -- looking for PCL_IO
[1.827s] -- Found PCL_IO: /usr/lib/x86_64-linux-gnu/libpcl_io.so  
[1.827s] -- looking for PCL_FEATURES
[1.828s] -- Found PCL_FEATURES: /usr/lib/x86_64-linux-gnu/libpcl_features.so  
[1.828s] -- looking for PCL_ML
[1.828s] -- Found PCL_ML: /usr/lib/x86_64-linux-gnu/libpcl_ml.so  
[1.828s] -- looking for PCL_SEGMENTATION
[1.829s] -- Found PCL_SEGMENTATION: /usr/lib/x86_64-linux-gnu/libpcl_segmentation.so  
[1.829s] -- looking for PCL_VISUALIZATION
[1.829s] -- Found PCL_VISUALIZATION: /usr/lib/x86_64-linux-gnu/libpcl_visualization.so  
[1.829s] -- looking for PCL_SURFACE
[1.830s] -- Found PCL_SURFACE: /usr/lib/x86_64-linux-gnu/libpcl_surface.so  
[1.830s] -- looking for PCL_REGISTRATION
[1.830s] -- Found PCL_REGISTRATION: /usr/lib/x86_64-linux-gnu/libpcl_registration.so  
[1.831s] -- looking for PCL_KEYPOINTS
[1.831s] -- Found PCL_KEYPOINTS: /usr/lib/x86_64-linux-gnu/libpcl_keypoints.so  
[1.831s] -- looking for PCL_TRACKING
[1.832s] -- Found PCL_TRACKING: /usr/lib/x86_64-linux-gnu/libpcl_tracking.so  
[1.832s] -- looking for PCL_RECOGNITION
[1.832s] -- Found PCL_RECOGNITION: /usr/lib/x86_64-linux-gnu/libpcl_recognition.so  
[1.832s] -- looking for PCL_STEREO
[1.833s] -- Found PCL_STEREO: /usr/lib/x86_64-linux-gnu/libpcl_stereo.so  
[1.833s] -- looking for PCL_APPS
[1.833s] -- Found PCL_APPS: /usr/lib/x86_64-linux-gnu/libpcl_apps.so  
[1.834s] -- looking for PCL_IN_HAND_SCANNER
[1.834s] -- Found PCL_IN_HAND_SCANNER: /usr/include/pcl-1.12  
[1.834s] -- looking for PCL_MODELER
[1.834s] -- Found PCL_MODELER: /usr/include/pcl-1.12  
[1.834s] -- looking for PCL_POINT_CLOUD_EDITOR
[1.834s] -- Found PCL_POINT_CLOUD_EDITOR: /usr/include/pcl-1.12  
[1.834s] -- looking for PCL_OUTOFCORE
[1.835s] -- Found PCL_OUTOFCORE: /usr/lib/x86_64-linux-gnu/libpcl_outofcore.so  
[1.835s] -- looking for PCL_PEOPLE
[1.835s] -- Found PCL_PEOPLE: /usr/lib/x86_64-linux-gnu/libpcl_people.so  
[1.836s] -- Found PCL: pcl_common;pcl_kdtree;pcl_octree;pcl_search;pcl_sample_consensus;pcl_filters;pcl_io;pcl_features;pcl_ml;pcl_segmentation;pcl_visualization;pcl_surface;pcl_registration;pcl_keypoints;pcl_tracking;pcl_recognition;pcl_stereo;pcl_apps;pcl_outofcore;pcl_people;Boost::system;Boost::filesystem;Boost::date_time;Boost::iostreams;Boost::serialization;/usr/lib/libOpenNI.so;libusb::libusb;/usr/lib/x86_64-linux-gnu/libOpenNI2.so;libusb::libusb;VTK::ChartsCore;VTK::CommonColor;VTK::CommonComputationalGeometry;VTK::CommonCore;VTK::CommonDataModel;VTK::CommonExecutionModel;VTK::CommonMath;VTK::CommonMisc;VTK::CommonTransforms;VTK::FiltersCore;VTK::FiltersExtraction;VTK::FiltersGeneral;VTK::FiltersGeometry;VTK::FiltersModeling;VTK::FiltersSources;VTK::ImagingCore;VTK::ImagingSources;VTK::InteractionImage;VTK::InteractionStyle;VTK::InteractionWidgets;VTK::IOCore;VTK::IOGeometry;VTK::IOImage;VTK::IOLegacy;VTK::IOPLY;VTK::RenderingAnnotation;VTK::RenderingCore;VTK::RenderingContext2D;VTK::RenderingLOD;VTK::RenderingFreeType;VTK::ViewsCore;VTK::ViewsContext2D;VTK::RenderingOpenGL2;VTK::GUISupportQt;FLANN::FLANN;QHULL::QHULL  
[1.840s] -- Found rclcpp: 16.0.6 (/opt/ros/humble/share/rclcpp/cmake)
[1.897s] -- Found rosidl_generator_c: 3.1.5 (/opt/ros/humble/share/rosidl_generator_c/cmake)
[1.905s] -- Found rosidl_adapter: 3.1.5 (/opt/ros/humble/share/rosidl_adapter/cmake)
[1.916s] -- Found rosidl_generator_cpp: 3.1.5 (/opt/ros/humble/share/rosidl_generator_cpp/cmake)
[1.933s] -- Using all available rosidl_typesupport_c: rosidl_typesupport_fastrtps_c;rosidl_typesupport_introspection_c
[1.954s] -- Using all available rosidl_typesupport_cpp: rosidl_typesupport_fastrtps_cpp;rosidl_typesupport_introspection_cpp
[2.020s] -- Found rmw_implementation_cmake: 6.1.1 (/opt/ros/humble/share/rmw_implementation_cmake/cmake)
[2.025s] -- Found rmw_fastrtps_cpp: 6.2.4 (/opt/ros/humble/share/rmw_fastrtps_cpp/cmake)
[2.105s] -- Found OpenSSL: /usr/lib/x86_64-linux-gnu/libcrypto.so (found version "3.0.2")  
[2.125s] -- Found FastRTPS: /opt/ros/humble/include  
[2.159s] -- Using RMW implementation 'rmw_fastrtps_cpp' as default
[2.270s] -- Found rclpy: 3.3.10 (/opt/ros/humble/share/rclpy/cmake)
[2.273s] -- Found sensor_msgs: 4.2.3 (/opt/ros/humble/share/sensor_msgs/cmake)
[2.349s] -- Found pcl_conversions: 2.4.0 (/opt/ros/humble/share/pcl_conversions/cmake)
[2.513s] -- Found ament_lint_auto: 0.12.8 (/opt/ros/humble/share/ament_lint_auto/cmake)
[2.567s] -- Added test 'cppcheck' to perform static code analysis on C / C++ code
[2.568s] -- Configured cppcheck include dirs: /home/neha/VBM/final_vbm/Vision-based_Grasping_Objects_using_Top_Surface/src/vbm_project/vbm_project_grasping/include
[2.568s] -- Configured cppcheck exclude dirs and/or files: 
[2.568s] -- Added test 'flake8' to check Python code syntax and style conventions
[2.569s] -- Added test 'lint_cmake' to check CMake code style
[2.569s] -- Added test 'pep257' to check Python code against some of the docstring style conventions in PEP 257
[2.570s] -- Added test 'uncrustify' to check C / C++ code style
[2.570s] -- Configured uncrustify additional arguments: 
[2.571s] -- Added test 'xmllint' to check XML markup files
[2.572s] -- Configuring done
[2.617s] -- Generating done
[2.620s] -- Build files have been written to: /home/neha/VBM/final_vbm/Vision-based_Grasping_Objects_using_Top_Surface/src/vbm_project/build/vbm_project_grasping
[2.633s] Invoked command in '/home/neha/VBM/final_vbm/Vision-based_Grasping_Objects_using_Top_Surface/src/vbm_project/build/vbm_project_grasping' returned '0': CMAKE_PREFIX_PATH=${CMAKE_PREFIX_PATH}:/home/neha/ros2_ws/install/point_cloud:/home/neha/ros2_ws/install/opencv_test_py:/home/neha/voidwalking/ros2_ws/install/waypoints:/opt/ros/humble CONDA_PROMPT_MODIFIER=(face) /usr/bin/cmake /home/neha/VBM/final_vbm/Vision-based_Grasping_Objects_using_Top_Surface/src/vbm_project/vbm_project_grasping -DCMAKE_INSTALL_PREFIX=/home/neha/VBM/final_vbm/Vision-based_Grasping_Objects_using_Top_Surface/src/vbm_project/install/vbm_project_grasping
[2.634s] Invoking command in '/home/neha/VBM/final_vbm/Vision-based_Grasping_Objects_using_Top_Surface/src/vbm_project/build/vbm_project_grasping': CMAKE_PREFIX_PATH=${CMAKE_PREFIX_PATH}:/home/neha/ros2_ws/install/point_cloud:/home/neha/ros2_ws/install/opencv_test_py:/home/neha/voidwalking/ros2_ws/install/waypoints:/opt/ros/humble CONDA_PROMPT_MODIFIER=(face) /usr/bin/cmake --build /home/neha/VBM/final_vbm/Vision-based_Grasping_Objects_using_Top_Surface/src/vbm_project/build/vbm_project_grasping -- -j20 -l20
[2.668s] [ 50%] [32mBuilding CXX object CMakeFiles/processPointCloud.dir/src/processPointCloud.cpp.o[0m
[2.672s] [ 50%] Built target ament_cmake_python_copy_vbm_project_grasping
[2.824s] running egg_info
[2.824s] creating vbm_project_grasping.egg-info
[2.824s] writing vbm_project_grasping.egg-info/PKG-INFO
[2.825s] writing dependency_links to vbm_project_grasping.egg-info/dependency_links.txt
[2.825s] writing top-level names to vbm_project_grasping.egg-info/top_level.txt
[2.825s] writing manifest file 'vbm_project_grasping.egg-info/SOURCES.txt'
[2.826s] reading manifest file 'vbm_project_grasping.egg-info/SOURCES.txt'
[2.826s] writing manifest file 'vbm_project_grasping.egg-info/SOURCES.txt'
[2.841s] [ 50%] Built target ament_cmake_python_build_vbm_project_grasping_egg
[8.886s] [100%] [32m[1mLinking CXX executable processPointCloud[0m
[9.675s] [100%] Built target processPointCloud
[9.682s] Invoked command in '/home/neha/VBM/final_vbm/Vision-based_Grasping_Objects_using_Top_Surface/src/vbm_project/build/vbm_project_grasping' returned '0': CMAKE_PREFIX_PATH=${CMAKE_PREFIX_PATH}:/home/neha/ros2_ws/install/point_cloud:/home/neha/ros2_ws/install/opencv_test_py:/home/neha/voidwalking/ros2_ws/install/waypoints:/opt/ros/humble CONDA_PROMPT_MODIFIER=(face) /usr/bin/cmake --build /home/neha/VBM/final_vbm/Vision-based_Grasping_Objects_using_Top_Surface/src/vbm_project/build/vbm_project_grasping -- -j20 -l20
[9.702s] Invoking command in '/home/neha/VBM/final_vbm/Vision-based_Grasping_Objects_using_Top_Surface/src/vbm_project/build/vbm_project_grasping': CMAKE_PREFIX_PATH=${CMAKE_PREFIX_PATH}:/home/neha/ros2_ws/install/point_cloud:/home/neha/ros2_ws/install/opencv_test_py:/home/neha/voidwalking/ros2_ws/install/waypoints:/opt/ros/humble CONDA_PROMPT_MODIFIER=(face) /usr/bin/cmake --install /home/neha/VBM/final_vbm/Vision-based_Grasping_Objects_using_Top_Surface/src/vbm_project/build/vbm_project_grasping
[9.707s] -- Install configuration: ""
[9.707s] -- Installing: /home/neha/VBM/final_vbm/Vision-based_Grasping_Objects_using_Top_Surface/src/vbm_project/install/vbm_project_grasping/lib/vbm_project_grasping/processPointCloud
[9.710s] -- Set runtime path of "/home/neha/VBM/final_vbm/Vision-based_Grasping_Objects_using_Top_Surface/src/vbm_project/install/vbm_project_grasping/lib/vbm_project_grasping/processPointCloud" to ""
[9.710s] -- Installing: /home/neha/VBM/final_vbm/Vision-based_Grasping_Objects_using_Top_Surface/src/vbm_project/install/vbm_project_grasping/share/vbm_project_grasping/environment/pythonpath.sh
[9.710s] -- Installing: /home/neha/VBM/final_vbm/Vision-based_Grasping_Objects_using_Top_Surface/src/vbm_project/install/vbm_project_grasping/share/vbm_project_grasping/environment/pythonpath.dsv
[9.710s] -- Installing: /home/neha/VBM/final_vbm/Vision-based_Grasping_Objects_using_Top_Surface/src/vbm_project/install/vbm_project_grasping/local/lib/python3.10/dist-packages/vbm_project_grasping-0.0.0-py3.10.egg-info
[9.710s] -- Installing: /home/neha/VBM/final_vbm/Vision-based_Grasping_Objects_using_Top_Surface/src/vbm_project/install/vbm_project_grasping/local/lib/python3.10/dist-packages/vbm_project_grasping-0.0.0-py3.10.egg-info/dependency_links.txt
[9.710s] -- Installing: /home/neha/VBM/final_vbm/Vision-based_Grasping_Objects_using_Top_Surface/src/vbm_project/install/vbm_project_grasping/local/lib/python3.10/dist-packages/vbm_project_grasping-0.0.0-py3.10.egg-info/top_level.txt
[9.710s] -- Installing: /home/neha/VBM/final_vbm/Vision-based_Grasping_Objects_using_Top_Surface/src/vbm_project/install/vbm_project_grasping/local/lib/python3.10/dist-packages/vbm_project_grasping-0.0.0-py3.10.egg-info/PKG-INFO
[9.710s] -- Installing: /home/neha/VBM/final_vbm/Vision-based_Grasping_Objects_using_Top_Surface/src/vbm_project/install/vbm_project_grasping/local/lib/python3.10/dist-packages/vbm_project_grasping-0.0.0-py3.10.egg-info/SOURCES.txt
[9.710s] -- Installing: /home/neha/VBM/final_vbm/Vision-based_Grasping_Objects_using_Top_Surface/src/vbm_project/install/vbm_project_grasping/local/lib/python3.10/dist-packages/vbm_project_grasping
[9.710s] -- Installing: /home/neha/VBM/final_vbm/Vision-based_Grasping_Objects_using_Top_Surface/src/vbm_project/install/vbm_project_grasping/local/lib/python3.10/dist-packages/vbm_project_grasping/__init__.py
[9.732s] Listing '/home/neha/VBM/final_vbm/Vision-based_Grasping_Objects_using_Top_Surface/src/vbm_project/install/vbm_project_grasping/local/lib/python3.10/dist-packages/vbm_project_grasping'...
[9.732s] Compiling '/home/neha/VBM/final_vbm/Vision-based_Grasping_Objects_using_Top_Surface/src/vbm_project/install/vbm_project_grasping/local/lib/python3.10/dist-packages/vbm_project_grasping/__init__.py'...
[9.735s] -- Installing: /home/neha/VBM/final_vbm/Vision-based_Grasping_Objects_using_Top_Surface/src/vbm_project/install/vbm_project_grasping/lib/vbm_project_grasping/grasp_synthesis_node.py
[9.735s] -- Installing: /home/neha/VBM/final_vbm/Vision-based_Grasping_Objects_using_Top_Surface/src/vbm_project/install/vbm_project_grasping/lib/vbm_project_grasping/transform_point_cloud.py
[9.735s] -- Installing: /home/neha/VBM/final_vbm/Vision-based_Grasping_Objects_using_Top_Surface/src/vbm_project/install/vbm_project_grasping/share/ament_index/resource_index/package_run_dependencies/vbm_project_grasping
[9.735s] -- Installing: /home/neha/VBM/final_vbm/Vision-based_Grasping_Objects_using_Top_Surface/src/vbm_project/install/vbm_project_grasping/share/ament_index/resource_index/parent_prefix_path/vbm_project_grasping
[9.735s] -- Installing: /home/neha/VBM/final_vbm/Vision-based_Grasping_Objects_using_Top_Surface/src/vbm_project/install/vbm_project_grasping/share/vbm_project_grasping/environment/ament_prefix_path.sh
[9.735s] -- Installing: /home/neha/VBM/final_vbm/Vision-based_Grasping_Objects_using_Top_Surface/src/vbm_project/install/vbm_project_grasping/share/vbm_project_grasping/environment/ament_prefix_path.dsv
[9.735s] -- Installing: /home/neha/VBM/final_vbm/Vision-based_Grasping_Objects_using_Top_Surface/src/vbm_project/install/vbm_project_grasping/share/vbm_project_grasping/environment/path.sh
[9.735s] -- Installing: /home/neha/VBM/final_vbm/Vision-based_Grasping_Objects_using_Top_Surface/src/vbm_project/install/vbm_project_grasping/share/vbm_project_grasping/environment/path.dsv
[9.735s] -- Installing: /home/neha/VBM/final_vbm/Vision-based_Grasping_Objects_using_Top_Surface/src/vbm_project/install/vbm_project_grasping/share/vbm_project_grasping/local_setup.bash
[9.735s] -- Installing: /home/neha/VBM/final_vbm/Vision-based_Grasping_Objects_using_Top_Surface/src/vbm_project/install/vbm_project_grasping/share/vbm_project_grasping/local_setup.sh
[9.735s] -- Installing: /home/neha/VBM/final_vbm/Vision-based_Grasping_Objects_using_Top_Surface/src/vbm_project/install/vbm_project_grasping/share/vbm_project_grasping/local_setup.zsh
[9.735s] -- Installing: /home/neha/VBM/final_vbm/Vision-based_Grasping_Objects_using_Top_Surface/src/vbm_project/install/vbm_project_grasping/share/vbm_project_grasping/local_setup.dsv
[9.736s] -- Installing: /home/neha/VBM/final_vbm/Vision-based_Grasping_Objects_using_Top_Surface/src/vbm_project/install/vbm_project_grasping/share/vbm_project_grasping/package.dsv
[9.736s] -- Installing: /home/neha/VBM/final_vbm/Vision-based_Grasping_Objects_using_Top_Surface/src/vbm_project/install/vbm_project_grasping/share/ament_index/resource_index/packages/vbm_project_grasping
[9.736s] -- Installing: /home/neha/VBM/final_vbm/Vision-based_Grasping_Objects_using_Top_Surface/src/vbm_project/install/vbm_project_grasping/share/vbm_project_grasping/cmake/vbm_project_graspingConfig.cmake
[9.736s] -- Installing: /home/neha/VBM/final_vbm/Vision-based_Grasping_Objects_using_Top_Surface/src/vbm_project/install/vbm_project_grasping/share/vbm_project_grasping/cmake/vbm_project_graspingConfig-version.cmake
[9.736s] -- Installing: /home/neha/VBM/final_vbm/Vision-based_Grasping_Objects_using_Top_Surface/src/vbm_project/install/vbm_project_grasping/share/vbm_project_grasping/package.xml
[9.737s] Invoked command in '/home/neha/VBM/final_vbm/Vision-based_Grasping_Objects_using_Top_Surface/src/vbm_project/build/vbm_project_grasping' returned '0': CMAKE_PREFIX_PATH=${CMAKE_PREFIX_PATH}:/home/neha/ros2_ws/install/point_cloud:/home/neha/ros2_ws/install/opencv_test_py:/home/neha/voidwalking/ros2_ws/install/waypoints:/opt/ros/humble CONDA_PROMPT_MODIFIER=(face) /usr/bin/cmake --install /home/neha/VBM/final_vbm/Vision-based_Grasping_Objects_using_Top_Surface/src/vbm_project/build/vbm_project_grasping
