[0.604s] DEBUG:colcon:Command line arguments: ['/usr/bin/colcon', 'build']
[0.604s] DEBUG:colcon:Parsed command line arguments: Namespace(log_base=None, log_level=None, verb_name='build', build_base='build', install_base='install', merge_install=False, symlink_install=False, test_result_base=None, continue_on_error=False, executor='parallel', parallel_workers=20, event_handlers=None, ignore_user_meta=False, metas=['./colcon.meta'], base_paths=['.'], packages_ignore=None, packages_ignore_regex=None, paths=None, packages_up_to=None, packages_up_to_regex=None, packages_above=None, packages_above_and_dependencies=None, packages_above_depth=None, packages_select_by_dep=None, packages_skip_by_dep=None, packages_skip_up_to=None, packages_select_build_failed=False, packages_skip_build_finished=False, packages_select_test_failures=False, packages_skip_test_passed=False, packages_select=None, packages_skip=None, packages_select_regex=None, packages_skip_regex=None, packages_start=None, packages_end=None, allow_overriding=[], cmake_args=None, cmake_target=None, cmake_target_skip_unavailable=False, cmake_clean_cache=False, cmake_clean_first=False, cmake_force_configure=False, ament_cmake_args=None, catkin_cmake_args=None, catkin_skip_building_tests=False, verb_parser=<colcon_defaults.argument_parser.defaults.DefaultArgumentsDecorator object at 0x7fad23f16590>, verb_extension=<colcon_core.verb.build.BuildVerb object at 0x7fad23f171f0>, main=<bound method BuildVerb.main of <colcon_core.verb.build.BuildVerb object at 0x7fad23f171f0>>)
[0.630s] Level 1:colcon.colcon_core.package_discovery:discover_packages(colcon_meta) check parameters
[0.630s] Level 1:colcon.colcon_core.package_discovery:discover_packages(recursive) check parameters
[0.630s] Level 1:colcon.colcon_core.package_discovery:discover_packages(ignore) check parameters
[0.630s] Level 1:colcon.colcon_core.package_discovery:discover_packages(path) check parameters
[0.630s] Level 1:colcon.colcon_core.package_discovery:discover_packages(colcon_meta) discover
[0.630s] Level 1:colcon.colcon_core.package_discovery:discover_packages(recursive) discover
[0.630s] INFO:colcon.colcon_core.package_discovery:Crawling recursively for packages in '/home/neha/VBM/final_vbm/Vision-based_Grasping_Objects_using_Top_Surface/src/vbm_project'
[0.630s] Level 1:colcon.colcon_core.package_identification:_identify(.) by extensions ['ignore', 'ignore_ament_install']
[0.630s] Level 1:colcon.colcon_core.package_identification:_identify(.) by extension 'ignore'
[0.630s] Level 1:colcon.colcon_core.package_identification:_identify(.) by extension 'ignore_ament_install'
[0.630s] Level 1:colcon.colcon_core.package_identification:_identify(.) by extensions ['colcon_pkg']
[0.631s] Level 1:colcon.colcon_core.package_identification:_identify(.) by extension 'colcon_pkg'
[0.631s] Level 1:colcon.colcon_core.package_identification:_identify(.) by extensions ['colcon_meta']
[0.631s] Level 1:colcon.colcon_core.package_identification:_identify(.) by extension 'colcon_meta'
[0.631s] Level 1:colcon.colcon_core.package_identification:_identify(.) by extensions ['ros']
[0.631s] Level 1:colcon.colcon_core.package_identification:_identify(.) by extension 'ros'
[0.637s] Level 1:colcon.colcon_core.package_identification:_identify(.) by extensions ['cmake', 'python']
[0.637s] Level 1:colcon.colcon_core.package_identification:_identify(.) by extension 'cmake'
[0.637s] Level 1:colcon.colcon_core.package_identification:_identify(.) by extension 'python'
[0.637s] Level 1:colcon.colcon_core.package_identification:_identify(.) by extensions ['python_setup_py']
[0.637s] Level 1:colcon.colcon_core.package_identification:_identify(.) by extension 'python_setup_py'
[0.637s] Level 1:colcon.colcon_core.package_identification:_identify(build) by extensions ['ignore', 'ignore_ament_install']
[0.637s] Level 1:colcon.colcon_core.package_identification:_identify(build) by extension 'ignore'
[0.637s] Level 1:colcon.colcon_core.package_identification:_identify(build) ignored
[0.637s] Level 1:colcon.colcon_core.package_identification:_identify(install) by extensions ['ignore', 'ignore_ament_install']
[0.637s] Level 1:colcon.colcon_core.package_identification:_identify(install) by extension 'ignore'
[0.638s] Level 1:colcon.colcon_core.package_identification:_identify(install) ignored
[0.638s] Level 1:colcon.colcon_core.package_identification:_identify(log) by extensions ['ignore', 'ignore_ament_install']
[0.638s] Level 1:colcon.colcon_core.package_identification:_identify(log) by extension 'ignore'
[0.638s] Level 1:colcon.colcon_core.package_identification:_identify(log) ignored
[0.638s] Level 1:colcon.colcon_core.package_identification:_identify(vbm_project_env) by extensions ['ignore', 'ignore_ament_install']
[0.638s] Level 1:colcon.colcon_core.package_identification:_identify(vbm_project_env) by extension 'ignore'
[0.638s] Level 1:colcon.colcon_core.package_identification:_identify(vbm_project_env) by extension 'ignore_ament_install'
[0.638s] Level 1:colcon.colcon_core.package_identification:_identify(vbm_project_env) by extensions ['colcon_pkg']
[0.638s] Level 1:colcon.colcon_core.package_identification:_identify(vbm_project_env) by extension 'colcon_pkg'
[0.638s] Level 1:colcon.colcon_core.package_identification:_identify(vbm_project_env) by extensions ['colcon_meta']
[0.638s] Level 1:colcon.colcon_core.package_identification:_identify(vbm_project_env) by extension 'colcon_meta'
[0.638s] Level 1:colcon.colcon_core.package_identification:_identify(vbm_project_env) by extensions ['ros']
[0.638s] Level 1:colcon.colcon_core.package_identification:_identify(vbm_project_env) by extension 'ros'
[0.639s] DEBUG:colcon.colcon_core.package_identification:Package 'vbm_project_env' with type 'ros.ament_cmake' and name 'vbm_project_env'
[0.639s] Level 1:colcon.colcon_core.package_identification:_identify(vbm_project_grasping) by extensions ['ignore', 'ignore_ament_install']
[0.639s] Level 1:colcon.colcon_core.package_identification:_identify(vbm_project_grasping) by extension 'ignore'
[0.639s] Level 1:colcon.colcon_core.package_identification:_identify(vbm_project_grasping) by extension 'ignore_ament_install'
[0.639s] Level 1:colcon.colcon_core.package_identification:_identify(vbm_project_grasping) by extensions ['colcon_pkg']
[0.639s] Level 1:colcon.colcon_core.package_identification:_identify(vbm_project_grasping) by extension 'colcon_pkg'
[0.639s] Level 1:colcon.colcon_core.package_identification:_identify(vbm_project_grasping) by extensions ['colcon_meta']
[0.639s] Level 1:colcon.colcon_core.package_identification:_identify(vbm_project_grasping) by extension 'colcon_meta'
[0.639s] Level 1:colcon.colcon_core.package_identification:_identify(vbm_project_grasping) by extensions ['ros']
[0.639s] Level 1:colcon.colcon_core.package_identification:_identify(vbm_project_grasping) by extension 'ros'
[0.640s] DEBUG:colcon.colcon_core.package_identification:Package 'vbm_project_grasping' with type 'ros.ament_cmake' and name 'vbm_project_grasping'
[0.640s] Level 1:colcon.colcon_core.package_discovery:discover_packages(recursive) using defaults
[0.640s] Level 1:colcon.colcon_core.package_discovery:discover_packages(ignore) discover
[0.640s] Level 1:colcon.colcon_core.package_discovery:discover_packages(ignore) using defaults
[0.640s] Level 1:colcon.colcon_core.package_discovery:discover_packages(path) discover
[0.640s] Level 1:colcon.colcon_core.package_discovery:discover_packages(path) using defaults
[0.698s] Level 1:colcon.colcon_core.package_discovery:discover_packages(prefix_path) check parameters
[0.698s] Level 1:colcon.colcon_core.package_discovery:discover_packages(prefix_path) discover
[0.718s] DEBUG:colcon.colcon_installed_package_information.package_discovery:Found 3 installed packages in /home/neha/voidwalking/arduino_ws/microros_ws/install
[0.726s] DEBUG:colcon.colcon_installed_package_information.package_discovery:Found 15 installed packages in /home/neha/voidwalking/ros2_ws/install
[0.739s] DEBUG:colcon.colcon_installed_package_information.package_discovery:Found 17 installed packages in /home/neha/ros2_ws/install
[0.752s] DEBUG:colcon.colcon_installed_package_information.package_discovery:Found 426 installed packages in /opt/ros/humble
[0.752s] Level 1:colcon.colcon_core.package_discovery:discover_packages(prefix_path) using defaults
[0.822s] Level 5:colcon.colcon_core.verb:set package 'vbm_project_env' build argument 'cmake_args' from command line to 'None'
[0.822s] Level 5:colcon.colcon_core.verb:set package 'vbm_project_env' build argument 'cmake_target' from command line to 'None'
[0.822s] Level 5:colcon.colcon_core.verb:set package 'vbm_project_env' build argument 'cmake_target_skip_unavailable' from command line to 'False'
[0.822s] Level 5:colcon.colcon_core.verb:set package 'vbm_project_env' build argument 'cmake_clean_cache' from command line to 'False'
[0.822s] Level 5:colcon.colcon_core.verb:set package 'vbm_project_env' build argument 'cmake_clean_first' from command line to 'False'
[0.822s] Level 5:colcon.colcon_core.verb:set package 'vbm_project_env' build argument 'cmake_force_configure' from command line to 'False'
[0.822s] Level 5:colcon.colcon_core.verb:set package 'vbm_project_env' build argument 'ament_cmake_args' from command line to 'None'
[0.822s] Level 5:colcon.colcon_core.verb:set package 'vbm_project_env' build argument 'catkin_cmake_args' from command line to 'None'
[0.822s] Level 5:colcon.colcon_core.verb:set package 'vbm_project_env' build argument 'catkin_skip_building_tests' from command line to 'False'
[0.822s] DEBUG:colcon.colcon_core.verb:Building package 'vbm_project_env' with the following arguments: {'ament_cmake_args': None, 'build_base': '/home/neha/VBM/final_vbm/Vision-based_Grasping_Objects_using_Top_Surface/src/vbm_project/build/vbm_project_env', 'catkin_cmake_args': None, 'catkin_skip_building_tests': False, 'cmake_args': None, 'cmake_clean_cache': False, 'cmake_clean_first': False, 'cmake_force_configure': False, 'cmake_target': None, 'cmake_target_skip_unavailable': False, 'install_base': '/home/neha/VBM/final_vbm/Vision-based_Grasping_Objects_using_Top_Surface/src/vbm_project/install/vbm_project_env', 'merge_install': False, 'path': '/home/neha/VBM/final_vbm/Vision-based_Grasping_Objects_using_Top_Surface/src/vbm_project/vbm_project_env', 'symlink_install': False, 'test_result_base': None}
[0.831s] Level 5:colcon.colcon_core.verb:set package 'vbm_project_grasping' build argument 'cmake_args' from command line to 'None'
[0.831s] Level 5:colcon.colcon_core.verb:set package 'vbm_project_grasping' build argument 'cmake_target' from command line to 'None'
[0.831s] Level 5:colcon.colcon_core.verb:set package 'vbm_project_grasping' build argument 'cmake_target_skip_unavailable' from command line to 'False'
[0.831s] Level 5:colcon.colcon_core.verb:set package 'vbm_project_grasping' build argument 'cmake_clean_cache' from command line to 'False'
[0.831s] Level 5:colcon.colcon_core.verb:set package 'vbm_project_grasping' build argument 'cmake_clean_first' from command line to 'False'
[0.831s] Level 5:colcon.colcon_core.verb:set package 'vbm_project_grasping' build argument 'cmake_force_configure' from command line to 'False'
[0.831s] Level 5:colcon.colcon_core.verb:set package 'vbm_project_grasping' build argument 'ament_cmake_args' from command line to 'None'
[0.831s] Level 5:colcon.colcon_core.verb:set package 'vbm_project_grasping' build argument 'catkin_cmake_args' from command line to 'None'
[0.831s] Level 5:colcon.colcon_core.verb:set package 'vbm_project_grasping' build argument 'catkin_skip_building_tests' from command line to 'False'
[0.831s] DEBUG:colcon.colcon_core.verb:Building package 'vbm_project_grasping' with the following arguments: {'ament_cmake_args': None, 'build_base': '/home/neha/VBM/final_vbm/Vision-based_Grasping_Objects_using_Top_Surface/src/vbm_project/build/vbm_project_grasping', 'catkin_cmake_args': None, 'catkin_skip_building_tests': False, 'cmake_args': None, 'cmake_clean_cache': False, 'cmake_clean_first': False, 'cmake_force_configure': False, 'cmake_target': None, 'cmake_target_skip_unavailable': False, 'install_base': '/home/neha/VBM/final_vbm/Vision-based_Grasping_Objects_using_Top_Surface/src/vbm_project/install/vbm_project_grasping', 'merge_install': False, 'path': '/home/neha/VBM/final_vbm/Vision-based_Grasping_Objects_using_Top_Surface/src/vbm_project/vbm_project_grasping', 'symlink_install': False, 'test_result_base': None}
[0.839s] INFO:colcon.colcon_core.executor:Executing jobs using 'parallel' executor
[0.848s] DEBUG:colcon.colcon_parallel_executor.executor.parallel:run_until_complete
[0.848s] INFO:colcon.colcon_ros.task.ament_cmake.build:Building ROS package in '/home/neha/VBM/final_vbm/Vision-based_Grasping_Objects_using_Top_Surface/src/vbm_project/vbm_project_env' with build type 'ament_cmake'
[0.848s] INFO:colcon.colcon_cmake.task.cmake.build:Building CMake package in '/home/neha/VBM/final_vbm/Vision-based_Grasping_Objects_using_Top_Surface/src/vbm_project/vbm_project_env'
[0.860s] INFO:colcon.colcon_core.plugin_system:Skipping extension 'colcon_core.shell.bat': Not used on non-Windows systems
[0.860s] INFO:colcon.colcon_core.shell:Skip shell extension 'powershell' for command environment: Not usable outside of PowerShell
[0.860s] DEBUG:colcon.colcon_core.shell:Skip shell extension 'dsv' for command environment
[0.901s] INFO:colcon.colcon_ros.task.ament_cmake.build:Building ROS package in '/home/neha/VBM/final_vbm/Vision-based_Grasping_Objects_using_Top_Surface/src/vbm_project/vbm_project_grasping' with build type 'ament_cmake'
[0.901s] INFO:colcon.colcon_cmake.task.cmake.build:Building CMake package in '/home/neha/VBM/final_vbm/Vision-based_Grasping_Objects_using_Top_Surface/src/vbm_project/vbm_project_grasping'
[0.909s] INFO:colcon.colcon_core.shell:Skip shell extension 'powershell' for command environment: Not usable outside of PowerShell
[0.910s] DEBUG:colcon.colcon_core.shell:Skip shell extension 'dsv' for command environment
[0.952s] DEBUG:colcon.colcon_core.event_handler.log_command:Invoking command in '/home/neha/VBM/final_vbm/Vision-based_Grasping_Objects_using_Top_Surface/src/vbm_project/build/vbm_project_env': CMAKE_PREFIX_PATH=${CMAKE_PREFIX_PATH}:/home/neha/ros2_ws/install/point_cloud:/home/neha/ros2_ws/install/opencv_test_py:/home/neha/voidwalking/ros2_ws/install/waypoints:/opt/ros/humble CONDA_PROMPT_MODIFIER=(face) /usr/bin/cmake /home/neha/VBM/final_vbm/Vision-based_Grasping_Objects_using_Top_Surface/src/vbm_project/vbm_project_env -DCMAKE_INSTALL_PREFIX=/home/neha/VBM/final_vbm/Vision-based_Grasping_Objects_using_Top_Surface/src/vbm_project/install/vbm_project_env
[0.956s] DEBUG:colcon.colcon_core.event_handler.log_command:Invoking command in '/home/neha/VBM/final_vbm/Vision-based_Grasping_Objects_using_Top_Surface/src/vbm_project/build/vbm_project_grasping': CMAKE_PREFIX_PATH=${CMAKE_PREFIX_PATH}:/home/neha/ros2_ws/install/point_cloud:/home/neha/ros2_ws/install/opencv_test_py:/home/neha/voidwalking/ros2_ws/install/waypoints:/opt/ros/humble CONDA_PROMPT_MODIFIER=(face) /usr/bin/cmake /home/neha/VBM/final_vbm/Vision-based_Grasping_Objects_using_Top_Surface/src/vbm_project/vbm_project_grasping -DCMAKE_INSTALL_PREFIX=/home/neha/VBM/final_vbm/Vision-based_Grasping_Objects_using_Top_Surface/src/vbm_project/install/vbm_project_grasping
[1.541s] DEBUG:colcon.colcon_core.event_handler.log_command:Invoked command in '/home/neha/VBM/final_vbm/Vision-based_Grasping_Objects_using_Top_Surface/src/vbm_project/build/vbm_project_env' returned '0': CMAKE_PREFIX_PATH=${CMAKE_PREFIX_PATH}:/home/neha/ros2_ws/install/point_cloud:/home/neha/ros2_ws/install/opencv_test_py:/home/neha/voidwalking/ros2_ws/install/waypoints:/opt/ros/humble CONDA_PROMPT_MODIFIER=(face) /usr/bin/cmake /home/neha/VBM/final_vbm/Vision-based_Grasping_Objects_using_Top_Surface/src/vbm_project/vbm_project_env -DCMAKE_INSTALL_PREFIX=/home/neha/VBM/final_vbm/Vision-based_Grasping_Objects_using_Top_Surface/src/vbm_project/install/vbm_project_env
[1.542s] DEBUG:colcon.colcon_core.event_handler.log_command:Invoking command in '/home/neha/VBM/final_vbm/Vision-based_Grasping_Objects_using_Top_Surface/src/vbm_project/build/vbm_project_env': CMAKE_PREFIX_PATH=${CMAKE_PREFIX_PATH}:/home/neha/ros2_ws/install/point_cloud:/home/neha/ros2_ws/install/opencv_test_py:/home/neha/voidwalking/ros2_ws/install/waypoints:/opt/ros/humble CONDA_PROMPT_MODIFIER=(face) /usr/bin/cmake --build /home/neha/VBM/final_vbm/Vision-based_Grasping_Objects_using_Top_Surface/src/vbm_project/build/vbm_project_env -- -j20 -l20
[1.565s] DEBUG:colcon.colcon_core.event_handler.log_command:Invoked command in '/home/neha/VBM/final_vbm/Vision-based_Grasping_Objects_using_Top_Surface/src/vbm_project/build/vbm_project_env' returned '0': CMAKE_PREFIX_PATH=${CMAKE_PREFIX_PATH}:/home/neha/ros2_ws/install/point_cloud:/home/neha/ros2_ws/install/opencv_test_py:/home/neha/voidwalking/ros2_ws/install/waypoints:/opt/ros/humble CONDA_PROMPT_MODIFIER=(face) /usr/bin/cmake --build /home/neha/VBM/final_vbm/Vision-based_Grasping_Objects_using_Top_Surface/src/vbm_project/build/vbm_project_env -- -j20 -l20
[1.586s] DEBUG:colcon.colcon_core.event_handler.log_command:Invoking command in '/home/neha/VBM/final_vbm/Vision-based_Grasping_Objects_using_Top_Surface/src/vbm_project/build/vbm_project_env': CMAKE_PREFIX_PATH=${CMAKE_PREFIX_PATH}:/home/neha/ros2_ws/install/point_cloud:/home/neha/ros2_ws/install/opencv_test_py:/home/neha/voidwalking/ros2_ws/install/waypoints:/opt/ros/humble CONDA_PROMPT_MODIFIER=(face) /usr/bin/cmake --install /home/neha/VBM/final_vbm/Vision-based_Grasping_Objects_using_Top_Surface/src/vbm_project/build/vbm_project_env
[1.592s] Level 1:colcon.colcon_core.environment:create_environment_scripts_only(vbm_project_env)
[1.593s] DEBUG:colcon.colcon_core.event_handler.log_command:Invoked command in '/home/neha/VBM/final_vbm/Vision-based_Grasping_Objects_using_Top_Surface/src/vbm_project/build/vbm_project_env' returned '0': CMAKE_PREFIX_PATH=${CMAKE_PREFIX_PATH}:/home/neha/ros2_ws/install/point_cloud:/home/neha/ros2_ws/install/opencv_test_py:/home/neha/voidwalking/ros2_ws/install/waypoints:/opt/ros/humble CONDA_PROMPT_MODIFIER=(face) /usr/bin/cmake --install /home/neha/VBM/final_vbm/Vision-based_Grasping_Objects_using_Top_Surface/src/vbm_project/build/vbm_project_env
[1.605s] Level 1:colcon.colcon_core.environment:checking '/home/neha/VBM/final_vbm/Vision-based_Grasping_Objects_using_Top_Surface/src/vbm_project/install/vbm_project_env' for CMake module files
[1.605s] Level 1:colcon.colcon_core.environment:checking '/home/neha/VBM/final_vbm/Vision-based_Grasping_Objects_using_Top_Surface/src/vbm_project/install/vbm_project_env' for CMake config files
[1.606s] Level 1:colcon.colcon_core.shell:create_environment_hook('vbm_project_env', 'cmake_prefix_path')
[1.615s] INFO:colcon.colcon_core.shell:Creating environment hook '/home/neha/VBM/final_vbm/Vision-based_Grasping_Objects_using_Top_Surface/src/vbm_project/install/vbm_project_env/share/vbm_project_env/hook/cmake_prefix_path.ps1'
[1.615s] INFO:colcon.colcon_core.shell:Creating environment descriptor '/home/neha/VBM/final_vbm/Vision-based_Grasping_Objects_using_Top_Surface/src/vbm_project/install/vbm_project_env/share/vbm_project_env/hook/cmake_prefix_path.dsv'
[1.616s] INFO:colcon.colcon_core.shell:Creating environment hook '/home/neha/VBM/final_vbm/Vision-based_Grasping_Objects_using_Top_Surface/src/vbm_project/install/vbm_project_env/share/vbm_project_env/hook/cmake_prefix_path.sh'
[1.616s] Level 1:colcon.colcon_core.environment:checking '/home/neha/VBM/final_vbm/Vision-based_Grasping_Objects_using_Top_Surface/src/vbm_project/install/vbm_project_env/bin'
[1.616s] Level 1:colcon.colcon_core.environment:checking '/home/neha/VBM/final_vbm/Vision-based_Grasping_Objects_using_Top_Surface/src/vbm_project/install/vbm_project_env/lib/pkgconfig/vbm_project_env.pc'
[1.616s] Level 1:colcon.colcon_core.environment:checking '/home/neha/VBM/final_vbm/Vision-based_Grasping_Objects_using_Top_Surface/src/vbm_project/install/vbm_project_env/lib/python3.10/site-packages'
[1.617s] Level 1:colcon.colcon_core.environment:checking '/home/neha/VBM/final_vbm/Vision-based_Grasping_Objects_using_Top_Surface/src/vbm_project/install/vbm_project_env/bin'
[1.625s] INFO:colcon.colcon_core.shell:Creating package script '/home/neha/VBM/final_vbm/Vision-based_Grasping_Objects_using_Top_Surface/src/vbm_project/install/vbm_project_env/share/vbm_project_env/package.ps1'
[1.625s] INFO:colcon.colcon_core.shell:Creating package descriptor '/home/neha/VBM/final_vbm/Vision-based_Grasping_Objects_using_Top_Surface/src/vbm_project/install/vbm_project_env/share/vbm_project_env/package.dsv'
[1.626s] INFO:colcon.colcon_core.shell:Creating package script '/home/neha/VBM/final_vbm/Vision-based_Grasping_Objects_using_Top_Surface/src/vbm_project/install/vbm_project_env/share/vbm_project_env/package.sh'
[1.626s] INFO:colcon.colcon_core.shell:Creating package script '/home/neha/VBM/final_vbm/Vision-based_Grasping_Objects_using_Top_Surface/src/vbm_project/install/vbm_project_env/share/vbm_project_env/package.bash'
[1.627s] INFO:colcon.colcon_core.shell:Creating package script '/home/neha/VBM/final_vbm/Vision-based_Grasping_Objects_using_Top_Surface/src/vbm_project/install/vbm_project_env/share/vbm_project_env/package.zsh'
[1.627s] Level 1:colcon.colcon_core.environment:create_file_with_runtime_dependencies(/home/neha/VBM/final_vbm/Vision-based_Grasping_Objects_using_Top_Surface/src/vbm_project/install/vbm_project_env/share/colcon-core/packages/vbm_project_env)
[1.652s] Level 1:colcon.colcon_core.environment:create_environment_scripts_only(vbm_project_env)
[1.660s] Level 1:colcon.colcon_core.environment:checking '/home/neha/VBM/final_vbm/Vision-based_Grasping_Objects_using_Top_Surface/src/vbm_project/install/vbm_project_env' for CMake module files
[1.660s] Level 1:colcon.colcon_core.environment:checking '/home/neha/VBM/final_vbm/Vision-based_Grasping_Objects_using_Top_Surface/src/vbm_project/install/vbm_project_env' for CMake config files
[1.660s] Level 1:colcon.colcon_core.shell:create_environment_hook('vbm_project_env', 'cmake_prefix_path')
[1.668s] INFO:colcon.colcon_core.shell:Creating environment hook '/home/neha/VBM/final_vbm/Vision-based_Grasping_Objects_using_Top_Surface/src/vbm_project/install/vbm_project_env/share/vbm_project_env/hook/cmake_prefix_path.ps1'
[1.668s] INFO:colcon.colcon_core.shell:Creating environment descriptor '/home/neha/VBM/final_vbm/Vision-based_Grasping_Objects_using_Top_Surface/src/vbm_project/install/vbm_project_env/share/vbm_project_env/hook/cmake_prefix_path.dsv'
[1.668s] INFO:colcon.colcon_core.shell:Creating environment hook '/home/neha/VBM/final_vbm/Vision-based_Grasping_Objects_using_Top_Surface/src/vbm_project/install/vbm_project_env/share/vbm_project_env/hook/cmake_prefix_path.sh'
[1.668s] Level 1:colcon.colcon_core.environment:checking '/home/neha/VBM/final_vbm/Vision-based_Grasping_Objects_using_Top_Surface/src/vbm_project/install/vbm_project_env/bin'
[1.668s] Level 1:colcon.colcon_core.environment:checking '/home/neha/VBM/final_vbm/Vision-based_Grasping_Objects_using_Top_Surface/src/vbm_project/install/vbm_project_env/lib/pkgconfig/vbm_project_env.pc'
[1.669s] Level 1:colcon.colcon_core.environment:checking '/home/neha/VBM/final_vbm/Vision-based_Grasping_Objects_using_Top_Surface/src/vbm_project/install/vbm_project_env/lib/python3.10/site-packages'
[1.669s] Level 1:colcon.colcon_core.environment:checking '/home/neha/VBM/final_vbm/Vision-based_Grasping_Objects_using_Top_Surface/src/vbm_project/install/vbm_project_env/bin'
[1.677s] INFO:colcon.colcon_core.shell:Creating package script '/home/neha/VBM/final_vbm/Vision-based_Grasping_Objects_using_Top_Surface/src/vbm_project/install/vbm_project_env/share/vbm_project_env/package.ps1'
[1.677s] INFO:colcon.colcon_core.shell:Creating package descriptor '/home/neha/VBM/final_vbm/Vision-based_Grasping_Objects_using_Top_Surface/src/vbm_project/install/vbm_project_env/share/vbm_project_env/package.dsv'
[1.678s] INFO:colcon.colcon_core.shell:Creating package script '/home/neha/VBM/final_vbm/Vision-based_Grasping_Objects_using_Top_Surface/src/vbm_project/install/vbm_project_env/share/vbm_project_env/package.sh'
[1.678s] INFO:colcon.colcon_core.shell:Creating package script '/home/neha/VBM/final_vbm/Vision-based_Grasping_Objects_using_Top_Surface/src/vbm_project/install/vbm_project_env/share/vbm_project_env/package.bash'
[1.678s] INFO:colcon.colcon_core.shell:Creating package script '/home/neha/VBM/final_vbm/Vision-based_Grasping_Objects_using_Top_Surface/src/vbm_project/install/vbm_project_env/share/vbm_project_env/package.zsh'
[1.678s] Level 1:colcon.colcon_core.environment:create_file_with_runtime_dependencies(/home/neha/VBM/final_vbm/Vision-based_Grasping_Objects_using_Top_Surface/src/vbm_project/install/vbm_project_env/share/colcon-core/packages/vbm_project_env)
[3.534s] DEBUG:colcon.colcon_core.event_handler.log_command:Invoked command in '/home/neha/VBM/final_vbm/Vision-based_Grasping_Objects_using_Top_Surface/src/vbm_project/build/vbm_project_grasping' returned '0': CMAKE_PREFIX_PATH=${CMAKE_PREFIX_PATH}:/home/neha/ros2_ws/install/point_cloud:/home/neha/ros2_ws/install/opencv_test_py:/home/neha/voidwalking/ros2_ws/install/waypoints:/opt/ros/humble CONDA_PROMPT_MODIFIER=(face) /usr/bin/cmake /home/neha/VBM/final_vbm/Vision-based_Grasping_Objects_using_Top_Surface/src/vbm_project/vbm_project_grasping -DCMAKE_INSTALL_PREFIX=/home/neha/VBM/final_vbm/Vision-based_Grasping_Objects_using_Top_Surface/src/vbm_project/install/vbm_project_grasping
[3.536s] DEBUG:colcon.colcon_core.event_handler.log_command:Invoking command in '/home/neha/VBM/final_vbm/Vision-based_Grasping_Objects_using_Top_Surface/src/vbm_project/build/vbm_project_grasping': CMAKE_PREFIX_PATH=${CMAKE_PREFIX_PATH}:/home/neha/ros2_ws/install/point_cloud:/home/neha/ros2_ws/install/opencv_test_py:/home/neha/voidwalking/ros2_ws/install/waypoints:/opt/ros/humble CONDA_PROMPT_MODIFIER=(face) /usr/bin/cmake --build /home/neha/VBM/final_vbm/Vision-based_Grasping_Objects_using_Top_Surface/src/vbm_project/build/vbm_project_grasping -- -j20 -l20
[10.583s] DEBUG:colcon.colcon_core.event_handler.log_command:Invoked command in '/home/neha/VBM/final_vbm/Vision-based_Grasping_Objects_using_Top_Surface/src/vbm_project/build/vbm_project_grasping' returned '0': CMAKE_PREFIX_PATH=${CMAKE_PREFIX_PATH}:/home/neha/ros2_ws/install/point_cloud:/home/neha/ros2_ws/install/opencv_test_py:/home/neha/voidwalking/ros2_ws/install/waypoints:/opt/ros/humble CONDA_PROMPT_MODIFIER=(face) /usr/bin/cmake --build /home/neha/VBM/final_vbm/Vision-based_Grasping_Objects_using_Top_Surface/src/vbm_project/build/vbm_project_grasping -- -j20 -l20
[10.603s] DEBUG:colcon.colcon_core.event_handler.log_command:Invoking command in '/home/neha/VBM/final_vbm/Vision-based_Grasping_Objects_using_Top_Surface/src/vbm_project/build/vbm_project_grasping': CMAKE_PREFIX_PATH=${CMAKE_PREFIX_PATH}:/home/neha/ros2_ws/install/point_cloud:/home/neha/ros2_ws/install/opencv_test_py:/home/neha/voidwalking/ros2_ws/install/waypoints:/opt/ros/humble CONDA_PROMPT_MODIFIER=(face) /usr/bin/cmake --install /home/neha/VBM/final_vbm/Vision-based_Grasping_Objects_using_Top_Surface/src/vbm_project/build/vbm_project_grasping
[10.638s] Level 1:colcon.colcon_core.environment:create_environment_scripts_only(vbm_project_grasping)
[10.638s] DEBUG:colcon.colcon_core.event_handler.log_command:Invoked command in '/home/neha/VBM/final_vbm/Vision-based_Grasping_Objects_using_Top_Surface/src/vbm_project/build/vbm_project_grasping' returned '0': CMAKE_PREFIX_PATH=${CMAKE_PREFIX_PATH}:/home/neha/ros2_ws/install/point_cloud:/home/neha/ros2_ws/install/opencv_test_py:/home/neha/voidwalking/ros2_ws/install/waypoints:/opt/ros/humble CONDA_PROMPT_MODIFIER=(face) /usr/bin/cmake --install /home/neha/VBM/final_vbm/Vision-based_Grasping_Objects_using_Top_Surface/src/vbm_project/build/vbm_project_grasping
[10.647s] Level 1:colcon.colcon_core.environment:checking '/home/neha/VBM/final_vbm/Vision-based_Grasping_Objects_using_Top_Surface/src/vbm_project/install/vbm_project_grasping' for CMake module files
[10.647s] Level 1:colcon.colcon_core.environment:checking '/home/neha/VBM/final_vbm/Vision-based_Grasping_Objects_using_Top_Surface/src/vbm_project/install/vbm_project_grasping' for CMake config files
[10.647s] Level 1:colcon.colcon_core.shell:create_environment_hook('vbm_project_grasping', 'cmake_prefix_path')
[10.656s] INFO:colcon.colcon_core.shell:Creating environment hook '/home/neha/VBM/final_vbm/Vision-based_Grasping_Objects_using_Top_Surface/src/vbm_project/install/vbm_project_grasping/share/vbm_project_grasping/hook/cmake_prefix_path.ps1'
[10.656s] INFO:colcon.colcon_core.shell:Creating environment descriptor '/home/neha/VBM/final_vbm/Vision-based_Grasping_Objects_using_Top_Surface/src/vbm_project/install/vbm_project_grasping/share/vbm_project_grasping/hook/cmake_prefix_path.dsv'
[10.656s] INFO:colcon.colcon_core.shell:Creating environment hook '/home/neha/VBM/final_vbm/Vision-based_Grasping_Objects_using_Top_Surface/src/vbm_project/install/vbm_project_grasping/share/vbm_project_grasping/hook/cmake_prefix_path.sh'
[10.656s] Level 1:colcon.colcon_core.environment:checking '/home/neha/VBM/final_vbm/Vision-based_Grasping_Objects_using_Top_Surface/src/vbm_project/install/vbm_project_grasping/lib'
[10.656s] Level 1:colcon.colcon_core.environment:checking '/home/neha/VBM/final_vbm/Vision-based_Grasping_Objects_using_Top_Surface/src/vbm_project/install/vbm_project_grasping/bin'
[10.656s] Level 1:colcon.colcon_core.environment:checking '/home/neha/VBM/final_vbm/Vision-based_Grasping_Objects_using_Top_Surface/src/vbm_project/install/vbm_project_grasping/lib/pkgconfig/vbm_project_grasping.pc'
[10.656s] Level 1:colcon.colcon_core.environment:checking '/home/neha/VBM/final_vbm/Vision-based_Grasping_Objects_using_Top_Surface/src/vbm_project/install/vbm_project_grasping/lib/python3.10/site-packages'
[10.656s] Level 1:colcon.colcon_core.environment:checking '/home/neha/VBM/final_vbm/Vision-based_Grasping_Objects_using_Top_Surface/src/vbm_project/install/vbm_project_grasping/bin'
[10.664s] INFO:colcon.colcon_core.shell:Creating package script '/home/neha/VBM/final_vbm/Vision-based_Grasping_Objects_using_Top_Surface/src/vbm_project/install/vbm_project_grasping/share/vbm_project_grasping/package.ps1'
[10.664s] INFO:colcon.colcon_core.shell:Creating package descriptor '/home/neha/VBM/final_vbm/Vision-based_Grasping_Objects_using_Top_Surface/src/vbm_project/install/vbm_project_grasping/share/vbm_project_grasping/package.dsv'
[10.665s] INFO:colcon.colcon_core.shell:Creating package script '/home/neha/VBM/final_vbm/Vision-based_Grasping_Objects_using_Top_Surface/src/vbm_project/install/vbm_project_grasping/share/vbm_project_grasping/package.sh'
[10.665s] INFO:colcon.colcon_core.shell:Creating package script '/home/neha/VBM/final_vbm/Vision-based_Grasping_Objects_using_Top_Surface/src/vbm_project/install/vbm_project_grasping/share/vbm_project_grasping/package.bash'
[10.665s] INFO:colcon.colcon_core.shell:Creating package script '/home/neha/VBM/final_vbm/Vision-based_Grasping_Objects_using_Top_Surface/src/vbm_project/install/vbm_project_grasping/share/vbm_project_grasping/package.zsh'
[10.665s] Level 1:colcon.colcon_core.environment:create_file_with_runtime_dependencies(/home/neha/VBM/final_vbm/Vision-based_Grasping_Objects_using_Top_Surface/src/vbm_project/install/vbm_project_grasping/share/colcon-core/packages/vbm_project_grasping)
[10.692s] Level 1:colcon.colcon_core.environment:create_environment_scripts_only(vbm_project_grasping)
[10.700s] Level 1:colcon.colcon_core.environment:checking '/home/neha/VBM/final_vbm/Vision-based_Grasping_Objects_using_Top_Surface/src/vbm_project/install/vbm_project_grasping' for CMake module files
[10.701s] Level 1:colcon.colcon_core.environment:checking '/home/neha/VBM/final_vbm/Vision-based_Grasping_Objects_using_Top_Surface/src/vbm_project/install/vbm_project_grasping' for CMake config files
[10.701s] Level 1:colcon.colcon_core.shell:create_environment_hook('vbm_project_grasping', 'cmake_prefix_path')
[10.708s] INFO:colcon.colcon_core.shell:Creating environment hook '/home/neha/VBM/final_vbm/Vision-based_Grasping_Objects_using_Top_Surface/src/vbm_project/install/vbm_project_grasping/share/vbm_project_grasping/hook/cmake_prefix_path.ps1'
[10.709s] INFO:colcon.colcon_core.shell:Creating environment descriptor '/home/neha/VBM/final_vbm/Vision-based_Grasping_Objects_using_Top_Surface/src/vbm_project/install/vbm_project_grasping/share/vbm_project_grasping/hook/cmake_prefix_path.dsv'
[10.709s] INFO:colcon.colcon_core.shell:Creating environment hook '/home/neha/VBM/final_vbm/Vision-based_Grasping_Objects_using_Top_Surface/src/vbm_project/install/vbm_project_grasping/share/vbm_project_grasping/hook/cmake_prefix_path.sh'
[10.709s] Level 1:colcon.colcon_core.environment:checking '/home/neha/VBM/final_vbm/Vision-based_Grasping_Objects_using_Top_Surface/src/vbm_project/install/vbm_project_grasping/lib'
[10.709s] Level 1:colcon.colcon_core.environment:checking '/home/neha/VBM/final_vbm/Vision-based_Grasping_Objects_using_Top_Surface/src/vbm_project/install/vbm_project_grasping/bin'
[10.709s] Level 1:colcon.colcon_core.environment:checking '/home/neha/VBM/final_vbm/Vision-based_Grasping_Objects_using_Top_Surface/src/vbm_project/install/vbm_project_grasping/lib/pkgconfig/vbm_project_grasping.pc'
[10.709s] Level 1:colcon.colcon_core.environment:checking '/home/neha/VBM/final_vbm/Vision-based_Grasping_Objects_using_Top_Surface/src/vbm_project/install/vbm_project_grasping/lib/python3.10/site-packages'
[10.709s] Level 1:colcon.colcon_core.environment:checking '/home/neha/VBM/final_vbm/Vision-based_Grasping_Objects_using_Top_Surface/src/vbm_project/install/vbm_project_grasping/bin'
[10.717s] INFO:colcon.colcon_core.shell:Creating package script '/home/neha/VBM/final_vbm/Vision-based_Grasping_Objects_using_Top_Surface/src/vbm_project/install/vbm_project_grasping/share/vbm_project_grasping/package.ps1'
[10.718s] INFO:colcon.colcon_core.shell:Creating package descriptor '/home/neha/VBM/final_vbm/Vision-based_Grasping_Objects_using_Top_Surface/src/vbm_project/install/vbm_project_grasping/share/vbm_project_grasping/package.dsv'
[10.718s] INFO:colcon.colcon_core.shell:Creating package script '/home/neha/VBM/final_vbm/Vision-based_Grasping_Objects_using_Top_Surface/src/vbm_project/install/vbm_project_grasping/share/vbm_project_grasping/package.sh'
[10.718s] INFO:colcon.colcon_core.shell:Creating package script '/home/neha/VBM/final_vbm/Vision-based_Grasping_Objects_using_Top_Surface/src/vbm_project/install/vbm_project_grasping/share/vbm_project_grasping/package.bash'
[10.718s] INFO:colcon.colcon_core.shell:Creating package script '/home/neha/VBM/final_vbm/Vision-based_Grasping_Objects_using_Top_Surface/src/vbm_project/install/vbm_project_grasping/share/vbm_project_grasping/package.zsh'
[10.718s] Level 1:colcon.colcon_core.environment:create_file_with_runtime_dependencies(/home/neha/VBM/final_vbm/Vision-based_Grasping_Objects_using_Top_Surface/src/vbm_project/install/vbm_project_grasping/share/colcon-core/packages/vbm_project_grasping)
[10.718s] DEBUG:colcon.colcon_parallel_executor.executor.parallel:closing loop
[10.719s] DEBUG:colcon.colcon_parallel_executor.executor.parallel:loop closed
[10.719s] DEBUG:colcon.colcon_parallel_executor.executor.parallel:run_until_complete finished with '0'
[10.719s] DEBUG:colcon.colcon_core.event_reactor:joining thread
[10.731s] INFO:colcon.colcon_core.plugin_system:Skipping extension 'colcon_notification.desktop_notification.terminal_notifier': Not used on non-Darwin systems
[10.731s] INFO:colcon.colcon_core.plugin_system:Skipping extension 'colcon_notification.desktop_notification.win32': Not used on non-Windows systems
[10.731s] INFO:colcon.colcon_notification.desktop_notification:Sending desktop notification using 'notify2'
[10.744s] DEBUG:colcon.colcon_core.event_reactor:joined thread
[10.753s] INFO:colcon.colcon_core.shell:Creating prefix script '/home/neha/VBM/final_vbm/Vision-based_Grasping_Objects_using_Top_Surface/src/vbm_project/install/local_setup.ps1'
[10.754s] INFO:colcon.colcon_core.shell:Creating prefix util module '/home/neha/VBM/final_vbm/Vision-based_Grasping_Objects_using_Top_Surface/src/vbm_project/install/_local_setup_util_ps1.py'
[10.755s] INFO:colcon.colcon_core.shell:Creating prefix chain script '/home/neha/VBM/final_vbm/Vision-based_Grasping_Objects_using_Top_Surface/src/vbm_project/install/setup.ps1'
[10.765s] INFO:colcon.colcon_core.shell:Creating prefix script '/home/neha/VBM/final_vbm/Vision-based_Grasping_Objects_using_Top_Surface/src/vbm_project/install/local_setup.sh'
[10.766s] INFO:colcon.colcon_core.shell:Creating prefix util module '/home/neha/VBM/final_vbm/Vision-based_Grasping_Objects_using_Top_Surface/src/vbm_project/install/_local_setup_util_sh.py'
[10.766s] INFO:colcon.colcon_core.shell:Creating prefix chain script '/home/neha/VBM/final_vbm/Vision-based_Grasping_Objects_using_Top_Surface/src/vbm_project/install/setup.sh'
[10.776s] INFO:colcon.colcon_core.shell:Creating prefix script '/home/neha/VBM/final_vbm/Vision-based_Grasping_Objects_using_Top_Surface/src/vbm_project/install/local_setup.bash'
[10.776s] INFO:colcon.colcon_core.shell:Creating prefix chain script '/home/neha/VBM/final_vbm/Vision-based_Grasping_Objects_using_Top_Surface/src/vbm_project/install/setup.bash'
[10.786s] INFO:colcon.colcon_core.shell:Creating prefix script '/home/neha/VBM/final_vbm/Vision-based_Grasping_Objects_using_Top_Surface/src/vbm_project/install/local_setup.zsh'
[10.787s] INFO:colcon.colcon_core.shell:Creating prefix chain script '/home/neha/VBM/final_vbm/Vision-based_Grasping_Objects_using_Top_Surface/src/vbm_project/install/setup.zsh'
