[0.104s] Invoking command in '/home/neha/VBM/final_vbm/Vision-based_Grasping_Objects_using_Top_Surface/src/vbm_project/build/vbm_project_env': CMAKE_PREFIX_PATH=${CMAKE_PREFIX_PATH}:/home/neha/ros2_ws/install/point_cloud:/home/neha/ros2_ws/install/opencv_test_py:/home/neha/voidwalking/ros2_ws/install/waypoints:/opt/ros/humble CONDA_PROMPT_MODIFIER=(face) /usr/bin/cmake /home/neha/VBM/final_vbm/Vision-based_Grasping_Objects_using_Top_Surface/src/vbm_project/vbm_project_env -DCMAKE_INSTALL_PREFIX=/home/neha/VBM/final_vbm/Vision-based_Grasping_Objects_using_Top_Surface/src/vbm_project/install/vbm_project_env
[0.199s] -- The C compiler identification is GNU 11.4.0
[0.273s] -- The CXX compiler identification is GNU 11.4.0
[0.279s] -- Detecting C compiler ABI info
[0.324s] -- Detecting C compiler ABI info - done
[0.328s] -- Check for working C compiler: /usr/bin/cc - skipped
[0.328s] -- Detecting C compile features
[0.329s] -- Detecting C compile features - done
[0.331s] -- Detecting CXX compiler ABI info
[0.378s] -- Detecting CXX compiler ABI info - done
[0.382s] -- Check for working CXX compiler: /usr/bin/c++ - skipped
[0.382s] -- Detecting CXX compile features
[0.382s] -- Detecting CXX compile features - done
[0.391s] -- Found ament_cmake: 1.3.5 (/opt/ros/humble/share/ament_cmake/cmake)
[0.523s] -- Found Python3: /usr/bin/python3.10 (found version "3.10.12") found components: Interpreter 
[0.619s] -- Found ament_lint_auto: 0.12.8 (/opt/ros/humble/share/ament_lint_auto/cmake)
[0.684s] -- Added test 'flake8' to check Python code syntax and style conventions
[0.685s] -- Added test 'lint_cmake' to check CMake code style
[0.686s] -- Added test 'pep257' to check Python code against some of the docstring style conventions in PEP 257
[0.687s] -- Added test 'xmllint' to check XML markup files
[0.688s] -- Configuring done
[0.690s] -- Generating done
[0.690s] -- Build files have been written to: /home/neha/VBM/final_vbm/Vision-based_Grasping_Objects_using_Top_Surface/src/vbm_project/build/vbm_project_env
[0.693s] Invoked command in '/home/neha/VBM/final_vbm/Vision-based_Grasping_Objects_using_Top_Surface/src/vbm_project/build/vbm_project_env' returned '0': CMAKE_PREFIX_PATH=${CMAKE_PREFIX_PATH}:/home/neha/ros2_ws/install/point_cloud:/home/neha/ros2_ws/install/opencv_test_py:/home/neha/voidwalking/ros2_ws/install/waypoints:/opt/ros/humble CONDA_PROMPT_MODIFIER=(face) /usr/bin/cmake /home/neha/VBM/final_vbm/Vision-based_Grasping_Objects_using_Top_Surface/src/vbm_project/vbm_project_env -DCMAKE_INSTALL_PREFIX=/home/neha/VBM/final_vbm/Vision-based_Grasping_Objects_using_Top_Surface/src/vbm_project/install/vbm_project_env
[0.694s] Invoking command in '/home/neha/VBM/final_vbm/Vision-based_Grasping_Objects_using_Top_Surface/src/vbm_project/build/vbm_project_env': CMAKE_PREFIX_PATH=${CMAKE_PREFIX_PATH}:/home/neha/ros2_ws/install/point_cloud:/home/neha/ros2_ws/install/opencv_test_py:/home/neha/voidwalking/ros2_ws/install/waypoints:/opt/ros/humble CONDA_PROMPT_MODIFIER=(face) /usr/bin/cmake --build /home/neha/VBM/final_vbm/Vision-based_Grasping_Objects_using_Top_Surface/src/vbm_project/build/vbm_project_env -- -j20 -l20
[0.716s] Invoked command in '/home/neha/VBM/final_vbm/Vision-based_Grasping_Objects_using_Top_Surface/src/vbm_project/build/vbm_project_env' returned '0': CMAKE_PREFIX_PATH=${CMAKE_PREFIX_PATH}:/home/neha/ros2_ws/install/point_cloud:/home/neha/ros2_ws/install/opencv_test_py:/home/neha/voidwalking/ros2_ws/install/waypoints:/opt/ros/humble CONDA_PROMPT_MODIFIER=(face) /usr/bin/cmake --build /home/neha/VBM/final_vbm/Vision-based_Grasping_Objects_using_Top_Surface/src/vbm_project/build/vbm_project_env -- -j20 -l20
[0.737s] Invoking command in '/home/neha/VBM/final_vbm/Vision-based_Grasping_Objects_using_Top_Surface/src/vbm_project/build/vbm_project_env': CMAKE_PREFIX_PATH=${CMAKE_PREFIX_PATH}:/home/neha/ros2_ws/install/point_cloud:/home/neha/ros2_ws/install/opencv_test_py:/home/neha/voidwalking/ros2_ws/install/waypoints:/opt/ros/humble CONDA_PROMPT_MODIFIER=(face) /usr/bin/cmake --install /home/neha/VBM/final_vbm/Vision-based_Grasping_Objects_using_Top_Surface/src/vbm_project/build/vbm_project_env
[0.742s] -- Install configuration: ""
[0.742s] -- Installing: /home/neha/VBM/final_vbm/Vision-based_Grasping_Objects_using_Top_Surface/src/vbm_project/install/vbm_project_env/share/vbm_project_env/launch
[0.742s] -- Installing: /home/neha/VBM/final_vbm/Vision-based_Grasping_Objects_using_Top_Surface/src/vbm_project/install/vbm_project_env/share/vbm_project_env/launch/simulation.launch.py
[0.742s] -- Installing: /home/neha/VBM/final_vbm/Vision-based_Grasping_Objects_using_Top_Surface/src/vbm_project/install/vbm_project_env/share/vbm_project_env/worlds
[0.742s] -- Installing: /home/neha/VBM/final_vbm/Vision-based_Grasping_Objects_using_Top_Surface/src/vbm_project/install/vbm_project_env/share/vbm_project_env/worlds/simulation.world
[0.742s] -- Installing: /home/neha/VBM/final_vbm/Vision-based_Grasping_Objects_using_Top_Surface/src/vbm_project/install/vbm_project_env/share/vbm_project_env/urdf
[0.742s] -- Installing: /home/neha/VBM/final_vbm/Vision-based_Grasping_Objects_using_Top_Surface/src/vbm_project/install/vbm_project_env/share/vbm_project_env/urdf/camera.urdf
[0.742s] -- Installing: /home/neha/VBM/final_vbm/Vision-based_Grasping_Objects_using_Top_Surface/src/vbm_project/install/vbm_project_env/share/ament_index/resource_index/package_run_dependencies/vbm_project_env
[0.742s] -- Installing: /home/neha/VBM/final_vbm/Vision-based_Grasping_Objects_using_Top_Surface/src/vbm_project/install/vbm_project_env/share/ament_index/resource_index/parent_prefix_path/vbm_project_env
[0.742s] -- Installing: /home/neha/VBM/final_vbm/Vision-based_Grasping_Objects_using_Top_Surface/src/vbm_project/install/vbm_project_env/share/vbm_project_env/environment/ament_prefix_path.sh
[0.743s] -- Installing: /home/neha/VBM/final_vbm/Vision-based_Grasping_Objects_using_Top_Surface/src/vbm_project/install/vbm_project_env/share/vbm_project_env/environment/ament_prefix_path.dsv
[0.743s] -- Installing: /home/neha/VBM/final_vbm/Vision-based_Grasping_Objects_using_Top_Surface/src/vbm_project/install/vbm_project_env/share/vbm_project_env/environment/path.sh
[0.743s] -- Installing: /home/neha/VBM/final_vbm/Vision-based_Grasping_Objects_using_Top_Surface/src/vbm_project/install/vbm_project_env/share/vbm_project_env/environment/path.dsv
[0.743s] -- Installing: /home/neha/VBM/final_vbm/Vision-based_Grasping_Objects_using_Top_Surface/src/vbm_project/install/vbm_project_env/share/vbm_project_env/local_setup.bash
[0.743s] -- Installing: /home/neha/VBM/final_vbm/Vision-based_Grasping_Objects_using_Top_Surface/src/vbm_project/install/vbm_project_env/share/vbm_project_env/local_setup.sh
[0.743s] -- Installing: /home/neha/VBM/final_vbm/Vision-based_Grasping_Objects_using_Top_Surface/src/vbm_project/install/vbm_project_env/share/vbm_project_env/local_setup.zsh
[0.743s] -- Installing: /home/neha/VBM/final_vbm/Vision-based_Grasping_Objects_using_Top_Surface/src/vbm_project/install/vbm_project_env/share/vbm_project_env/local_setup.dsv
[0.743s] -- Installing: /home/neha/VBM/final_vbm/Vision-based_Grasping_Objects_using_Top_Surface/src/vbm_project/install/vbm_project_env/share/vbm_project_env/package.dsv
[0.743s] -- Installing: /home/neha/VBM/final_vbm/Vision-based_Grasping_Objects_using_Top_Surface/src/vbm_project/install/vbm_project_env/share/ament_index/resource_index/packages/vbm_project_env
[0.743s] -- Installing: /home/neha/VBM/final_vbm/Vision-based_Grasping_Objects_using_Top_Surface/src/vbm_project/install/vbm_project_env/share/vbm_project_env/cmake/vbm_project_envConfig.cmake
[0.743s] -- Installing: /home/neha/VBM/final_vbm/Vision-based_Grasping_Objects_using_Top_Surface/src/vbm_project/install/vbm_project_env/share/vbm_project_env/cmake/vbm_project_envConfig-version.cmake
[0.743s] -- Installing: /home/neha/VBM/final_vbm/Vision-based_Grasping_Objects_using_Top_Surface/src/vbm_project/install/vbm_project_env/share/vbm_project_env/package.xml
[0.744s] Invoked command in '/home/neha/VBM/final_vbm/Vision-based_Grasping_Objects_using_Top_Surface/src/vbm_project/build/vbm_project_env' returned '0': CMAKE_PREFIX_PATH=${CMAKE_PREFIX_PATH}:/home/neha/ros2_ws/install/point_cloud:/home/neha/ros2_ws/install/opencv_test_py:/home/neha/voidwalking/ros2_ws/install/waypoints:/opt/ros/humble CONDA_PROMPT_MODIFIER=(face) /usr/bin/cmake --install /home/neha/VBM/final_vbm/Vision-based_Grasping_Objects_using_Top_Surface/src/vbm_project/build/vbm_project_env
